<?xml version="1.0" encoding="UTF-8"?>
<!-- Generated by org.testng.reporters.JUnitReportReporter -->
<testsuite hostname="DESKTOP-T6EF9OC" failures="0" tests="1" name="org.api.servicenow.oauth.OauthCreation" time="5.290" errors="0" timestamp="2025-06-02T00:03:05 IST" skipped="0">
  <testcase classname="org.api.servicenow.oauth.OauthCreation" name="createIncidentUsingBearerToken" time="5.290"/>
  <system-out/>
</testsuite> <!-- org.api.servicenow.oauth.OauthCreation -->
