<?xml version="1.0" encoding="UTF-8"?>
<!-- Generated by org.testng.reporters.JUnitReportReporter -->
<testsuite hostname="DESKTOP-T6EF9OC" failures="0" tests="1" name="org.api.servicenow.wiremock.CreateWireMockStub" time="1.727" errors="0" timestamp="2025-06-01T00:24:59 IST" skipped="0">
  <testcase classname="org.api.servicenow.wiremock.CreateWireMockStub" name="postWithRequestBodyAsFile" time="1.727"/>
  <system-out/>
</testsuite> <!-- org.api.servicenow.wiremock.CreateWireMockStub -->
