<?xml version="1.0" encoding="UTF-8"?>
<!-- Generated by org.testng.reporters.JUnitReportReporter -->
<testsuite hostname="DESKTOP-T6EF9OC" failures="0" tests="1" name="org.api.servicenow.incident.PostWithoutRequestBody" time="5.134" errors="0" timestamp="2025-05-18T00:51:59 IST" skipped="0">
  <testcase classname="org.api.servicenow.incident.PostWithoutRequestBody" name="postWithoutRequestBody" time="5.134"/>
  <system-out/>
</testsuite> <!-- org.api.servicenow.incident.PostWithoutRequestBody -->
