<?xml version="1.0" encoding="UTF-8"?>
<!-- Generated by org.testng.reporters.JUnitReportReporter -->
<testsuite hostname="DESKTOP-T6EF9OC" failures="0" tests="1" name="org.api.servicenow.incident.GetAllIncident" time="4.669" errors="0" timestamp="2025-05-04T20:31:32 IST" skipped="0">
  <testcase classname="org.api.servicenow.incident.GetAllIncident" name="getAllIncident" time="4.669"/>
  <system-out/>
</testsuite> <!-- org.api.servicenow.incident.GetAllIncident -->
