<?xml version="1.0" encoding="UTF-8"?>
<!-- Generated by org.testng.reporters.JUnitReportReporter -->
<testsuite hostname="DESKTOP-T6EF9OC" failures="0" tests="1" name="org.api.servicenow.jsonschemavalidator.CreateIncidentJsonSchemaValidator" time="7.297" errors="0" timestamp="2025-06-01T02:57:33 IST" skipped="0">
  <testcase classname="org.api.servicenow.jsonschemavalidator.CreateIncidentJsonSchemaValidator" name="createIncidentJsonSchemaValidator" time="7.297"/>
  <system-out/>
</testsuite> <!-- org.api.servicenow.jsonschemavalidator.CreateIncidentJsonSchemaValidator -->
