<?xml version="1.0" encoding="UTF-8"?>
<!-- Generated by org.testng.reporters.JUnitReportReporter -->
<testsuite hostname="DESKTOP-T6EF9OC" failures="0" tests="1" name="org.api.servicenow.incident.PostWithRequestBody" time="4.694" errors="0" timestamp="2025-05-18T00:59:43 IST" skipped="0">
  <testcase classname="org.api.servicenow.incident.PostWithRequestBody" name="postWithRequestBody" time="4.694"/>
  <system-out/>
</testsuite> <!-- org.api.servicenow.incident.PostWithRequestBody -->
