<?xml version="1.0" encoding="UTF-8"?>
<!-- Generated by org.testng.reporters.JUnitReportReporter -->
<testsuite hostname="DESKTOP-T6EF9OC" failures="0" tests="1" name="org.api.servicenow.chaining.UpdateIncident" time="0.000" errors="0" timestamp="2025-05-31T23:44:02 IST" skipped="1">
  <testcase classname="org.api.servicenow.chaining.UpdateIncident" name="updateIncident" time="0.000">
    <skipped/>
  </testcase> <!-- updateIncident -->
  <system-out/>
</testsuite> <!-- org.api.servicenow.chaining.UpdateIncident -->
