<?xml version="1.0" encoding="UTF-8"?>
<!-- Generated by org.testng.reporters.JUnitReportReporter -->
<testsuite hostname="DESKTOP-T6EF9OC" failures="0" tests="1" name="org.api.servicenow.incident.GetAllIncidentsWithMultipleQueryParams" time="4.047" errors="0" timestamp="2025-05-04T23:08:45 IST" skipped="0">
  <testcase classname="org.api.servicenow.incident.GetAllIncidentsWithMultipleQueryParams" name="getAllIncidentsWithMultipleQueryParams" time="4.047"/>
  <system-out/>
</testsuite> <!-- org.api.servicenow.incident.GetAllIncidentsWithMultipleQueryParams -->
